[INFO] UTK Kickstart
[OK] GDT Initialized at 0xFFFFFFF8001621E0
[OK] IDT Initialized at 0xFFFFFFF8001611D0
[OK] TSS Initialized at 0xFFFFFFF800161020

























##############################    KERNEL PANIC    ##############################
Panic generated by the kernel                     INT ID: 0x2A                 
Instruction [EIP]: 0xfffffff800111f4f             Error code: 0x0       
                                                                               
RAX: 0x000000000000002a | RBX: 0x000000000000002a | RCX: 0xfffffff800200f8c
RDX: 0xfffffff800150160 | RSI: 0x0000000000000010 | RDI: 0xfffffff800162ca8 
RBP: 0xfffffff800200f9c | RSP: 0xfffffff800200f58 | R8:  0x000000000000050a
R9:  0x000000000000002a | R10: 0xfffffff80017fffc | R11: 0xfffffff800200f2c
R12: 0xfffffff800114d70 | R13: 0x0000000000000002 | R14: 0xfffffff8001513e7
R15: 0xfffffff8001513fa
CR0: 0x0000000080010013 | CR2: 0x0000000000000000 | CR3: 0x0000000000102000
CR4: 0x0000000000000620
CS: 0x0028 | DS: 0x0030 | SS: 0x0030 | ES: 0x0030 | FS: 0x0030 | GS: 0x0030
RFLAGS: 0x0000000000000097 | CF PF AF SF 

--------------------------------- INFORMATION ----------------------------------
Core ID: 0 | Time: 00:00:00
Thread:  (0) | Process: NO_PROCESS (0)
File: src/kickstart.c at line 126
[KICKSTART] | Kickstart returned (2)

[0] 0xfffffff800112d47 in [NO_SYMBOL]
[1] 0xfffffff80011213d in [NO_SYMBOL]
[2] 0xfffffff800110a4e in [NO_SYMBOL]
[3] 0xfffffff80011007a in [NO_SYMBOL]
